
================================================================
======== FXServer starting - 2020/7/11 下午6:12:18
================================================================
Creating script environments for _cfx_internal
Found new resource ar_k9 in C:/GTA_RP_Server_1\server-data/resources//ar_k9
Found new resource EasyAdmin in C:/GTA_RP_Server_1\server-data/resources//EasyAdmin
Found new resource mdt in C:/GTA_RP_Server_1\server-data/resources//mdt
Found new resource ObjectNameFromHash in C:/GTA_RP_Server_1\server-data/resources//ObjectNameFromHash
Found new resource pun_idgun in C:/GTA_RP_Server_1\server-data/resources//pun_idgun
Found new resource vMenu in C:/GTA_RP_Server_1\server-data/resources//vMenu
Found new resource wk_wars2x in C:/GTA_RP_Server_1\server-data/resources//wk_wars2x
Found new resource monitor in C:\GTA_RP_Server_1\server2524\citizen/system_resources//monitor
Found new resource webadmin in C:\GTA_RP_Server_1\server2524\citizen/system_resources//webadmin
Found new resource policecars in C:/GTA_RP_Server_1\server-data/resources//[cars]/policecars
Found new resource esx_ability in C:/GTA_RP_Server_1\server-data/resources//[char]/esx_ability
Found new resource esx_amb_ability in C:/GTA_RP_Server_1\server-data/resources//[char]/esx_amb_ability
Found new resource esx_charselect in C:/GTA_RP_Server_1\server-data/resources//[char]/esx_charselect
Found new resource esx_chef_ability in C:/GTA_RP_Server_1\server-data/resources//[char]/esx_chef_ability
Found new resource esx_gun_ability in C:/GTA_RP_Server_1\server-data/resources//[char]/esx_gun_ability
Found new resource esx_identity in C:/GTA_RP_Server_1\server-data/resources//[char]/esx_identity
Found new resource esx_lock_ability in C:/GTA_RP_Server_1\server-data/resources//[char]/esx_lock_ability
Found new resource esx_mech_ability in C:/GTA_RP_Server_1\server-data/resources//[char]/esx_mech_ability
Found new resource pd-spawn in C:/GTA_RP_Server_1\server-data/resources//[char]/pd-spawn
Found new resource ooc in C:/GTA_RP_Server_1\server-data/resources//[easy]/ooc
Found new resource async in C:/GTA_RP_Server_1\server-data/resources//[essential]/async
Found new resource es_extended in C:/GTA_RP_Server_1\server-data/resources//[essential]/es_extended
Found new resource mysql-async in C:/GTA_RP_Server_1\server-data/resources//[essential]/mysql-async
Found new resource chip_criminalDoctor in C:/GTA_RP_Server_1\server-data/resources//[esx]/chip_criminalDoctor
Found new resource cron in C:/GTA_RP_Server_1\server-data/resources//[esx]/cron
Found new resource esx-ecobottles in C:/GTA_RP_Server_1\server-data/resources//[esx]/esx-ecobottles
Found new resource esx-kr-vehicle-push in C:/GTA_RP_Server_1\server-data/resources//[esx]/esx-kr-vehicle-push
Found new resource esx_billing in C:/GTA_RP_Server_1\server-data/resources//[esx]/esx_billing
Found new resource esx_dmvschool in C:/GTA_RP_Server_1\server-data/resources//[esx]/esx_dmvschool
Found new resource esx_garage in C:/GTA_RP_Server_1\server-data/resources//[esx]/esx_garage
Found new resource esx_license in C:/GTA_RP_Server_1\server-data/resources//[esx]/esx_license
Found new resource esx_lscustom in C:/GTA_RP_Server_1\server-data/resources//[esx]/esx_lscustom
Found new resource esx_moneywash in C:/GTA_RP_Server_1\server-data/resources//[esx]/esx_moneywash
Found new resource esx_property in C:/GTA_RP_Server_1\server-data/resources//[esx]/esx_property
Found new resource esx_society in C:/GTA_RP_Server_1\server-data/resources//[esx]/esx_society
Found new resource esx_speedcamera in C:/GTA_RP_Server_1\server-data/resources//[esx]/esx_speedcamera
Found new resource heli in C:/GTA_RP_Server_1\server-data/resources//[esx]/heli
Found new resource InteractSound in C:/GTA_RP_Server_1\server-data/resources//[esx]/InteractSound
Found new resource InteractSoundS in C:/GTA_RP_Server_1\server-data/resources//[esx]/InteractSoundS
Found new resource lux_vehcontrol in C:/GTA_RP_Server_1\server-data/resources//[esx]/lux_vehcontrol
Found new resource new_banking in C:/GTA_RP_Server_1\server-data/resources//[esx]/new_banking
Found new resource ocrp_postal_map in C:/GTA_RP_Server_1\server-data/resources//[esx]/ocrp_postal_map
Found new resource Optimized3DME in C:/GTA_RP_Server_1\server-data/resources//[esx]/Optimized3DME
Found new resource simpletp in C:/GTA_RP_Server_1\server-data/resources//[esx]/simpletp
Found new resource SmartTrafficLights in C:/GTA_RP_Server_1\server-data/resources//[esx]/SmartTrafficLights
Found new resource smj_ducharse in C:/GTA_RP_Server_1\server-data/resources//[esx]/smj_ducharse
Found new resource st-cctv in C:/GTA_RP_Server_1\server-data/resources//[esx]/st-cctv
Found new resource vSync in C:/GTA_RP_Server_1\server-data/resources//[esx]/vSync
Found new resource zffb_dice in C:/GTA_RP_Server_1\server-data/resources//[esx]/zffb_dice
Found new resource basic-gamemode in C:/GTA_RP_Server_1\server-data/resources//[gamemodes]/basic-gamemode
Found new resource chat in C:/GTA_RP_Server_1\server-data/resources//[gameplay]/chat
Found new resource chat-theme-civlifechat in C:/GTA_RP_Server_1\server-data/resources//[gameplay]/chat-theme-civlifechat
Found new resource chat-theme-gtao in C:/GTA_RP_Server_1\server-data/resources//[gameplay]/chat-theme-gtao
Found new resource playernames in C:/GTA_RP_Server_1\server-data/resources//[gameplay]/playernames
Found new resource screenshot-basic in C:/GTA_RP_Server_1\server-data/resources//[local]/screenshot-basic
Found new resource bob74_ipl in C:/GTA_RP_Server_1\server-data/resources//[map]/bob74_ipl
Found new resource hackee-dispatch in C:/GTA_RP_Server_1\server-data/resources//[NPC]/hackee-dispatch
Found new resource esx_addons_gcphone in C:/GTA_RP_Server_1\server-data/resources//[phone]/esx_addons_gcphone
Found new resource gcphone in C:/GTA_RP_Server_1\server-data/resources//[phone]/gcphone
Found new resource image-server in C:/GTA_RP_Server_1\server-data/resources//[phone]/image-server
Resource loading for image-server failed:
Could not open resource metadata file C:/GTA_RP_Server_1/server-data/resources//[phone]/image-server/__resource.lua.
Found new resource mugshot in C:/GTA_RP_Server_1\server-data/resources//[phone]/mugshot
Found new resource baseevents in C:/GTA_RP_Server_1\server-data/resources//[system]/baseevents
Found new resource hardcap in C:/GTA_RP_Server_1\server-data/resources//[system]/hardcap
Found new resource rconlog in C:/GTA_RP_Server_1\server-data/resources//[system]/rconlog
Found new resource runcode in C:/GTA_RP_Server_1\server-data/resources//[system]/runcode
Found new resource scoreboard in C:/GTA_RP_Server_1\server-data/resources//[system]/scoreboard
Found new resource sessionmanager in C:/GTA_RP_Server_1\server-data/resources//[system]/sessionmanager
Found new resource sessionmanager-rdr3 in C:/GTA_RP_Server_1\server-data/resources//[system]/sessionmanager-rdr3
Found new resource yarn in C:/GTA_RP_Server_1\server-data/resources//[system]/yarn
Found new resource example-loadscreen in C:/GTA_RP_Server_1\server-data/resources//[test]/example-loadscreen
Found new resource fivem in C:/GTA_RP_Server_1\server-data/resources//[test]/fivem
Found new resource ChairBedSystem in C:/GTA_RP_Server_1\server-data/resources//[esx]/[animation]/ChairBedSystem
Found new resource dpclothing in C:/GTA_RP_Server_1\server-data/resources//[esx]/[animation]/dpclothing
Found new resource dpemotes in C:/GTA_RP_Server_1\server-data/resources//[esx]/[animation]/dpemotes
Found new resource esx_lyftupp_piggyback in C:/GTA_RP_Server_1\server-data/resources//[esx]/[animation]/esx_lyftupp_piggyback
Found new resource esx_ruskiarrest in C:/GTA_RP_Server_1\server-data/resources//[esx]/[animation]/esx_ruskiarrest
Found new resource fingerpoint in C:/GTA_RP_Server_1\server-data/resources//[esx]/[animation]/fingerpoint
Found new resource HideInTrunk in C:/GTA_RP_Server_1\server-data/resources//[esx]/[animation]/HideInTrunk
Found new resource lkrp_notepad in C:/GTA_RP_Server_1\server-data/resources//[esx]/[animation]/lkrp_notepad
Found new resource seatbelt in C:/GTA_RP_Server_1\server-data/resources//[esx]/[animation]/seatbelt
Found new resource SeatShuffle in C:/GTA_RP_Server_1\server-data/resources//[esx]/[animation]/SeatShuffle
Found new resource crafting in C:/GTA_RP_Server_1\server-data/resources//[esx]/[crafting]/crafting
Found new resource esx_crafting in C:/GTA_RP_Server_1\server-data/resources//[esx]/[crafting]/esx_crafting
Found new resource FingerPrintHack in C:/GTA_RP_Server_1\server-data/resources//[esx]/[crafting]/FingerPrintHack
Resource loading for FingerPrintHack failed:
Could not open resource metadata file C:/GTA_RP_Server_1/server-data/resources//[esx]/[crafting]/FingerPrintHack/__resource.lua.
Found new resource lockpick in C:/GTA_RP_Server_1\server-data/resources//[esx]/[crafting]/lockpick
Found new resource reload-skillbar in C:/GTA_RP_Server_1\server-data/resources//[esx]/[crafting]/reload-skillbar
Found new resource esx_autogang in C:/GTA_RP_Server_1\server-data/resources//[esx]/[illegal]/esx_autogang
Found new resource esx_carthief in C:/GTA_RP_Server_1\server-data/resources//[esx]/[illegal]/esx_carthief
Found new resource esx_doorlockv3 in C:/GTA_RP_Server_1\server-data/resources//[esx]/[illegal]/esx_doorlockv3
Found new resource esx_doorlock_mhacking in C:/GTA_RP_Server_1\server-data/resources//[esx]/[illegal]/esx_doorlock_mhacking
Found new resource esx_drugeffects in C:/GTA_RP_Server_1\server-data/resources//[esx]/[illegal]/esx_drugeffects
Found new resource esx_drugs in C:/GTA_RP_Server_1\server-data/resources//[esx]/[illegal]/esx_drugs
Found new resource esx_escape in C:/GTA_RP_Server_1\server-data/resources//[esx]/[illegal]/esx_escape
Found new resource esx_GoldCurrency in C:/GTA_RP_Server_1\server-data/resources//[esx]/[illegal]/esx_GoldCurrency
Found new resource esx_knatusblowtorch in C:/GTA_RP_Server_1\server-data/resources//[esx]/[illegal]/esx_knatusblowtorch
Found new resource esx_knatusrobberybank in C:/GTA_RP_Server_1\server-data/resources//[esx]/[illegal]/esx_knatusrobberybank
Found new resource esx_lootDeadbody in C:/GTA_RP_Server_1\server-data/resources//[esx]/[illegal]/esx_lootDeadbody
Found new resource esx_merryweather in C:/GTA_RP_Server_1\server-data/resources//[esx]/[illegal]/esx_merryweather
Found new resource esx_outlawalert in C:/GTA_RP_Server_1\server-data/resources//[esx]/[illegal]/esx_outlawalert
Found new resource esx_planting in C:/GTA_RP_Server_1\server-data/resources//[esx]/[illegal]/esx_planting
Found new resource esx_thief in C:/GTA_RP_Server_1\server-data/resources//[esx]/[illegal]/esx_thief
Found new resource esx_vangelico_robbery in C:/GTA_RP_Server_1\server-data/resources//[esx]/[illegal]/esx_vangelico_robbery
Found new resource KBurglary in C:/GTA_RP_Server_1\server-data/resources//[esx]/[illegal]/KBurglary
Found new resource mhacking in C:/GTA_RP_Server_1\server-data/resources//[esx]/[illegal]/mhacking
Found new resource onyxLocksystem in C:/GTA_RP_Server_1\server-data/resources//[esx]/[illegal]/onyxLocksystem
Found new resource stasiek_selldrugs in C:/GTA_RP_Server_1\server-data/resources//[esx]/[illegal]/stasiek_selldrugs
Found new resource t1ger_drugs in C:/GTA_RP_Server_1\server-data/resources//[esx]/[illegal]/t1ger_drugs
Found new resource TakeHostage in C:/GTA_RP_Server_1\server-data/resources//[esx]/[illegal]/TakeHostage
Found new resource x-hotwire in C:/GTA_RP_Server_1\server-data/resources//[esx]/[illegal]/x-hotwire
Found new resource instance in C:/GTA_RP_Server_1\server-data/resources//[esx]/[instance]/instance
Found new resource CARP-status in C:/GTA_RP_Server_1\server-data/resources//[esx]/[inventory]/CARP-status
Found new resource esx_inventoryhud in C:/GTA_RP_Server_1\server-data/resources//[esx]/[inventory]/esx_inventoryhud
Found new resource esx_store in C:/GTA_RP_Server_1\server-data/resources//[esx]/[inventory]/esx_store
Found new resource prison_status_panel in C:/GTA_RP_Server_1\server-data/resources//[esx]/[inventory]/prison_status_panel
Found new resource skeletalsystem in C:/GTA_RP_Server_1\server-data/resources//[esx]/[inventory]/skeletalsystem
Found new resource eff_gym in C:/GTA_RP_Server_1\server-data/resources//[esx]/[jobs]/eff_gym
Found new resource esx_ambulancejob in C:/GTA_RP_Server_1\server-data/resources//[esx]/[jobs]/esx_ambulancejob
Found new resource esx_cleantable in C:/GTA_RP_Server_1\server-data/resources//[esx]/[jobs]/esx_cleantable
Found new resource esx_duty in C:/GTA_RP_Server_1\server-data/resources//[esx]/[jobs]/esx_duty
Found new resource esx_gym in C:/GTA_RP_Server_1\server-data/resources//[esx]/[jobs]/esx_gym
Found new resource esx_joblisting in C:/GTA_RP_Server_1\server-data/resources//[esx]/[jobs]/esx_joblisting
Found new resource esx_jobs in C:/GTA_RP_Server_1\server-data/resources//[esx]/[jobs]/esx_jobs
Found new resource esx_mechanicjob in C:/GTA_RP_Server_1\server-data/resources//[esx]/[jobs]/esx_mechanicjob
Found new resource esx_mushroom in C:/GTA_RP_Server_1\server-data/resources//[esx]/[jobs]/esx_mushroom
Found new resource esx_plate in C:/GTA_RP_Server_1\server-data/resources//[esx]/[jobs]/esx_plate
Found new resource esx_policejob in C:/GTA_RP_Server_1\server-data/resources//[esx]/[jobs]/esx_policejob
Found new resource esx_sweep in C:/GTA_RP_Server_1\server-data/resources//[esx]/[jobs]/esx_sweep
Found new resource esx_trash in C:/GTA_RP_Server_1\server-data/resources//[esx]/[jobs]/esx_trash
Found new resource Hunter in C:/GTA_RP_Server_1\server-data/resources//[esx]/[jobs]/Hunter
Found new resource esx-wanted in C:/GTA_RP_Server_1\server-data/resources//[esx]/[police]/esx-wanted
Found new resource esx_PoliceArmory in C:/GTA_RP_Server_1\server-data/resources//[esx]/[police]/esx_PoliceArmory
Found new resource esx_PoliceGarage in C:/GTA_RP_Server_1\server-data/resources//[esx]/[police]/esx_PoliceGarage
Found new resource rad_gsr in C:/GTA_RP_Server_1\server-data/resources//[esx]/[police]/rad_gsr
Found new resource Tackle in C:/GTA_RP_Server_1\server-data/resources//[esx]/[police]/Tackle
Found new resource esx_accessories in C:/GTA_RP_Server_1\server-data/resources//[esx]/[shop]/esx_accessories
Found new resource esx_barbershop in C:/GTA_RP_Server_1\server-data/resources//[esx]/[shop]/esx_barbershop
Found new resource esx_clotheshop in C:/GTA_RP_Server_1\server-data/resources//[esx]/[shop]/esx_clotheshop
Found new resource esx_foodtruck in C:/GTA_RP_Server_1\server-data/resources//[esx]/[shop]/esx_foodtruck
Found new resource esx_jimmybm in C:/GTA_RP_Server_1\server-data/resources//[esx]/[shop]/esx_jimmybm
Found new resource esx_newaccessories in C:/GTA_RP_Server_1\server-data/resources//[esx]/[shop]/esx_newaccessories
Found new resource esx_np_skinshop in C:/GTA_RP_Server_1\server-data/resources//[esx]/[shop]/esx_np_skinshop
Found new resource esx_np_skinshop_v2 in C:/GTA_RP_Server_1\server-data/resources//[esx]/[shop]/esx_np_skinshop_v2
Found new resource esx_shops in C:/GTA_RP_Server_1\server-data/resources//[esx]/[shop]/esx_shops
Found new resource esx_tattooshop in C:/GTA_RP_Server_1\server-data/resources//[esx]/[shop]/esx_tattooshop
Found new resource esx_vehicleshop in C:/GTA_RP_Server_1\server-data/resources//[esx]/[shop]/esx_vehicleshop
Found new resource esx_weaponshop in C:/GTA_RP_Server_1\server-data/resources//[esx]/[shop]/esx_weaponshop
Found new resource LegacyFuel in C:/GTA_RP_Server_1\server-data/resources//[esx]/[shop]/LegacyFuel
Found new resource xnVending in C:/GTA_RP_Server_1\server-data/resources//[esx]/[shop]/xnVending
Found new resource esx_skin in C:/GTA_RP_Server_1\server-data/resources//[esx]/[skin]/esx_skin
Found new resource skinchanger in C:/GTA_RP_Server_1\server-data/resources//[esx]/[skin]/skinchanger
Found new resource esx_basicneeds in C:/GTA_RP_Server_1\server-data/resources//[esx]/[status]/esx_basicneeds
Found new resource esx_gift_tree in C:/GTA_RP_Server_1\server-data/resources//[esx]/[status]/esx_gift_tree
Found new resource esx_optionalneeds in C:/GTA_RP_Server_1\server-data/resources//[esx]/[status]/esx_optionalneeds
Found new resource esx_status in C:/GTA_RP_Server_1\server-data/resources//[esx]/[status]/esx_status
Found new resource esx_addonaccount in C:/GTA_RP_Server_1\server-data/resources//[esx]/[storage]/esx_addonaccount
Found new resource esx_addoninventory in C:/GTA_RP_Server_1\server-data/resources//[esx]/[storage]/esx_addoninventory
Found new resource esx_datastore in C:/GTA_RP_Server_1\server-data/resources//[esx]/[storage]/esx_datastore
Found new resource esx_kingofthehill in C:/GTA_RP_Server_1\server-data/resources//[esx]/[stronghold]/esx_kingofthehill
Found new resource carcontrol in C:/GTA_RP_Server_1\server-data/resources//[esx]/[ui]/carcontrol
Found new resource esx_changeclothe in C:/GTA_RP_Server_1\server-data/resources//[esx]/[ui]/esx_changeclothe
Found new resource esx_menu_default in C:/GTA_RP_Server_1\server-data/resources//[esx]/[ui]/esx_menu_default
Found new resource esx_menu_dialog in C:/GTA_RP_Server_1\server-data/resources//[esx]/[ui]/esx_menu_dialog
Found new resource esx_menu_list in C:/GTA_RP_Server_1\server-data/resources//[esx]/[ui]/esx_menu_list
Found new resource esx_rpchat in C:/GTA_RP_Server_1\server-data/resources//[esx]/[ui]/esx_rpchat
Found new resource esx_scoreboard2 in C:/GTA_RP_Server_1\server-data/resources//[esx]/[ui]/esx_scoreboard2
Found new resource esx_watch in C:/GTA_RP_Server_1\server-data/resources//[esx]/[ui]/esx_watch
Found new resource mythic_notify in C:/GTA_RP_Server_1\server-data/resources//[esx]/[ui]/mythic_notify
Found new resource mythic_progbar in C:/GTA_RP_Server_1\server-data/resources//[esx]/[ui]/mythic_progbar
Found new resource mythic_progressbar in C:/GTA_RP_Server_1\server-data/resources//[esx]/[ui]/mythic_progressbar
Found new resource NoReticle in C:/GTA_RP_Server_1\server-data/resources//[esx]/[ui]/NoReticle
Found new resource pNotify in C:/GTA_RP_Server_1\server-data/resources//[esx]/[ui]/pNotify
Found new resource progressBars in C:/GTA_RP_Server_1\server-data/resources//[esx]/[ui]/progressBars
Found new resource showcoords in C:/GTA_RP_Server_1\server-data/resources//[esx]/[ui]/showcoords
Found new resource SimpleCarHUD in C:/GTA_RP_Server_1\server-data/resources//[esx]/[ui]/SimpleCarHUD
Found new resource st-hud in C:/GTA_RP_Server_1\server-data/resources//[esx]/[ui]/st-hud
Found new resource st-hudv2 in C:/GTA_RP_Server_1\server-data/resources//[esx]/[ui]/st-hudv2
Found new resource st-menu in C:/GTA_RP_Server_1\server-data/resources//[esx]/[ui]/st-menu
Found new resource carremote in C:/GTA_RP_Server_1\server-data/resources//[esx]/[vehicle]/carremote
Found new resource garageshitz in C:/GTA_RP_Server_1\server-data/resources//[esx]/[vehicle]/garageshitz
Found new resource RealisticVehicleFailure in C:/GTA_RP_Server_1\server-data/resources//[esx]/[vehicle]/RealisticVehicleFailure
Found new resource whiteplate in C:/GTA_RP_Server_1\server-data/resources//[esx]/[vehicle]/whiteplate
Found new resource ls-radio in C:/GTA_RP_Server_1\server-data/resources//[esx]/[voice]/ls-radio
Found new resource tokovoip_script in C:/GTA_RP_Server_1\server-data/resources//[esx]/[voice]/tokovoip_script
Found new resource CLEAR_NPC in C:/GTA_RP_Server_1\server-data/resources//[esx]/[weapon]/CLEAR_NPC
Found new resource esx_guy293_holsterweapon in C:/GTA_RP_Server_1\server-data/resources//[esx]/[weapon]/esx_guy293_holsterweapon
Found new resource SB-NoHead in C:/GTA_RP_Server_1\server-data/resources//[esx]/[weapon]/SB-NoHead
Found new resource simplylongtaze in C:/GTA_RP_Server_1\server-data/resources//[esx]/[weapon]/simplylongtaze
Found new resource weaponchange in C:/GTA_RP_Server_1\server-data/resources//[esx]/[weapon]/weaponchange
Found new resource weaponsfx in C:/GTA_RP_Server_1\server-data/resources//[esx]/[weapon]/weaponsfx
Found new resource fivem-map-hipster in C:/GTA_RP_Server_1\server-data/resources//[gamemodes]/[maps]/fivem-map-hipster
Found new resource fivem-map-skater in C:/GTA_RP_Server_1\server-data/resources//[gamemodes]/[maps]/fivem-map-skater
Found new resource redm-map-one in C:/GTA_RP_Server_1\server-data/resources//[gamemodes]/[maps]/redm-map-one
Found new resource dons_bm_middoc in C:/GTA_RP_Server_1\server-data/resources//[map]/[health]/dons_bm_middoc
Found new resource hospitalsandy in C:/GTA_RP_Server_1\server-data/resources//[map]/[health]/hospitalsandy
Found new resource PetClinic in C:/GTA_RP_Server_1\server-data/resources//[map]/[health]/PetClinic
Found new resource smokey_hory in C:/GTA_RP_Server_1\server-data/resources//[map]/[health]/smokey_hory
Found new resource paletopd in C:/GTA_RP_Server_1\server-data/resources//[map]/[police]/paletopd
Found new resource phxlspd in C:/GTA_RP_Server_1\server-data/resources//[map]/[police]/phxlspd
Found new resource policevw in C:/GTA_RP_Server_1\server-data/resources//[map]/[police]/policevw
Found new resource police_garage in C:/GTA_RP_Server_1\server-data/resources//[map]/[police]/police_garage
Found new resource sandysheriff in C:/GTA_RP_Server_1\server-data/resources//[map]/[police]/sandysheriff
Found new resource sandysheriffsmall in C:/GTA_RP_Server_1\server-data/resources//[map]/[police]/sandysheriffsmall
Found new resource int_prisonfull in C:/GTA_RP_Server_1\server-data/resources//[map]/[prison]/int_prisonfull
Found new resource prisonprops in C:/GTA_RP_Server_1\server-data/resources//[map]/[prison]/prisonprops
Found new resource biker in C:/GTA_RP_Server_1\server-data/resources//[map]/[stronghold]/biker
Found new resource bikerbarsandy in C:/GTA_RP_Server_1\server-data/resources//[map]/[stronghold]/bikerbarsandy
Found new resource buldingbeach in C:/GTA_RP_Server_1\server-data/resources//[map]/[stronghold]/buldingbeach
Found new resource familiesgang in C:/GTA_RP_Server_1\server-data/resources//[map]/[stronghold]/familiesgang
Found new resource grandehouse in C:/GTA_RP_Server_1\server-data/resources//[map]/[stronghold]/grandehouse
Found new resource petitmaison in C:/GTA_RP_Server_1\server-data/resources//[map]/[stronghold]/petitmaison
Found new resource vagos in C:/GTA_RP_Server_1\server-data/resources//[map]/[stronghold]/vagos
Found new resource webpack in C:/GTA_RP_Server_1\server-data/resources//[system]/[builders]/webpack
Found new resource utk_ornateheist in C:/GTA_RP_Server_1\server-data/resources//[esx]/[illegal]/[UTK]/utk_ornateheist
Found new resource utk_ornateprops in C:/GTA_RP_Server_1\server-data/resources//[esx]/[illegal]/[UTK]/utk_ornateprops
Found new resource utk_powerplant in C:/GTA_RP_Server_1\server-data/resources//[esx]/[illegal]/[UTK]/utk_powerplant
Found new resource character in C:/GTA_RP_Server_1\server-data/resources//[esx]/[skin]/[eup]/character
Found new resource fashionA in C:/GTA_RP_Server_1\server-data/resources//[esx]/[skin]/[eup]/fashionA
Found new resource NativeUI in C:/GTA_RP_Server_1\server-data/resources//[esx]/[skin]/[eup]/NativeUI
Found new resource UniformsB in C:/GTA_RP_Server_1\server-data/resources//[esx]/[skin]/[eup]/UniformsB
Found new resource ddg151 in C:/GTA_RP_Server_1\server-data/resources//[esx]/[vehicle]/[mods]/ddg151
Found new resource HMS in C:/GTA_RP_Server_1\server-data/resources//[esx]/[vehicle]/[mods]/HMS
Found new resource maserati in C:/GTA_RP_Server_1\server-data/resources//[esx]/[vehicle]/[mods]/maserati
Found new resource oceanjet in C:/GTA_RP_Server_1\server-data/resources//[esx]/[vehicle]/[mods]/oceanjet
Found new resource tpplage in C:/GTA_RP_Server_1\server-data/resources//[map]/[stronghold]/[TeleportScriptbeach]/tpplage
Creating script environments for sessionmanager
Started resource sessionmanager
Creating script environments for webadmin
Instantiated instance of script FxWebAdmin.BaseServer.
Instantiated instance of script FxWebAdmin.HttpServer+HttpServerScript.
Started resource webadmin
Creating script environments for monitor
[txAdminClientLUA] Version 2.4.2 starting...
[txAdminClientJS] Logger started
Started resource monitor
Creating script environments for chat
Started resource chat
Stopping resource webadmin
Creating script environments for mysql-async
Started resource mysql-async
Creating script environments for async
Started resource async
Creating script environments for es_extended
Started resource es_extended
Creating script environments for esx_identity
Started resource esx_identity
Creating script environments for esx_charselect
Started resource esx_charselect
Creating script environments for ooc
Started resource ooc
Started resource esx_menu_default
Started resource esx_menu_list
Started resource esx_menu_dialog
Started resource NativeUI
Started resource mythic_notify
Started resource mythic_progressbar
Started resource progressBars
Started resource mythic_progbar
Started resource showcoords
Started resource pNotify
Creating script environments for esx_watch
Started resource esx_watch
Creating script environments for InteractSound
Started resource InteractSound
Creating script environments for InteractSoundS
Started resource InteractSoundS
Creating script environments for carcontrol
Instantiated instance of script server.server.
Started resource carcontrol
Creating script environments for esx_scoreboard2
Started resource esx_scoreboard2
Creating script environments for esx_changeclothe
Started resource esx_changeclothe
Started resource chat-theme-civlifechat
Creating script environments for esx_addons_gcphone
Started resource esx_addons_gcphone
Creating script environments for gcphone
Started resource gcphone
Creating script environments for esx_status
Started resource esx_status
Creating script environments for skeletalsystem
Started resource skeletalsystem
Creating script environments for esx_gift_tree
Started resource esx_gift_tree
Started resource prison_status_panel
Creating script environments for esx_basicneeds
Started resource esx_basicneeds
Creating script environments for esx_optionalneeds
Started resource esx_optionalneeds
Creating script environments for esx_addonaccount
Started resource esx_addonaccount
Creating script environments for esx_addoninventory
Started resource esx_addoninventory
Creating script environments for esx_datastore
Started resource esx_datastore
Creating script environments for esx_inventoryhud
Started resource esx_inventoryhud
Creating script environments for esx_store
Started resource esx_store
Creating script environments for esx_billing
Started resource esx_billing
Started resource skinchanger
Creating script environments for esx_skin
Started resource esx_skin
Started resource character
Started resource fashionA
Creating script environments for UniformsB
Started resource UniformsB
Creating script environments for esx_ability
Started resource esx_ability
Creating script environments for esx_amb_ability
Started resource esx_amb_ability
Creating script environments for esx_chef_ability
Started resource esx_chef_ability
Creating script environments for esx_gun_ability
Started resource esx_gun_ability
Creating script environments for esx_lock_ability
Started resource esx_lock_ability
Creating script environments for esx_mech_ability
Started resource esx_mech_ability
Creating script environments for pd-spawn
Started resource pd-spawn
Creating script environments for esx_joblisting
Started resource esx_joblisting
Creating script environments for esx_jobs
Started resource esx_jobs
Creating script environments for esx_vehicleshop
= INFO = Enregistrement du telephone cardealer => 經銷商客戶
Started resource esx_vehicleshop
Creating script environments for esx_ambulancejob
= INFO = Enregistrement du telephone ambulance => 警示救護車
Started resource esx_ambulancejob
Creating script environments for esx_mechanicjob
= INFO = Enregistrement du telephone mechanic => 修車工顧客
Started resource esx_mechanicjob
Creating script environments for esx_policejob
= INFO = Enregistrement du telephone police => 警察警報
Started resource esx_policejob
Creating script environments for rad_gsr
Started resource rad_gsr
Creating script environments for Tackle
Started resource Tackle
Started resource esx_PoliceGarage
Creating script environments for esx_mushroom
Started resource esx_mushroom
Creating script environments for esx_trash
Started resource esx_trash
Creating script environments for cron
Started resource cron
Creating script environments for esx_gym
Started resource esx_gym
Creating script environments for eff_gym
Started resource eff_gym
Creating script environments for esx_duty
Started resource esx_duty
Creating script environments for esx_jimmybm
Started resource esx_jimmybm
Creating script environments for esx_weaponshop
Started resource esx_weaponshop
Creating script environments for esx_np_skinshop_v2
Started resource esx_np_skinshop_v2
Creating script environments for esx_newaccessories
Started resource esx_newaccessories
Creating script environments for LegacyFuel
Started resource LegacyFuel
Creating script environments for esx_tattooshop
Started resource esx_tattooshop
Creating script environments for esx_clotheshop
Started resource esx_clotheshop
Creating script environments for esx_barbershop
Started resource esx_barbershop
Creating script environments for xnVending
Failed to load script @vrp/lib/utils.lua.
Started resource xnVending
Started resource st-menu
Started resource st-hudv2
Creating script environments for dpemotes
Started resource dpemotes
Started resource dpclothing
Started resource fingerpoint
Creating script environments for lkrp_notepad
Started resource lkrp_notepad
Started resource HideInTrunk
Started resource SeatShuffle
Creating script environments for esx_ruskiarrest
Started resource esx_ruskiarrest
Creating script environments for esx_lyftupp_piggyback
Started resource esx_lyftupp_piggyback
Creating script environments for esx_sweep
Started resource esx_sweep
Creating script environments for esx_plate
Started resource esx_plate
Creating script environments for esx_cleantable
Started resource esx_cleantable
Started resource policecars
Creating script environments for garageshitz
Started resource garageshitz
Creating script environments for carremote
Started resource carremote
Creating script environments for whiteplate
Started resource whiteplate
Creating script environments for lux_vehcontrol
Started resource lux_vehcontrol
Creating script environments for heli
Started resource heli
Started resource SimpleCarHUD
Creating script environments for vMenu
Instantiated instance of script vMenuServer.BanManager.
Instantiated instance of script vMenuServer.MainServer.
Started resource vMenu
Creating script environments for EasyAdmin
Started resource EasyAdmin
Creating script environments for vSync
Started resource vSync
Creating script environments for esx_society
Started resource esx_society
Creating script environments for esx-ecobottles
Started resource esx-ecobottles
Creating script environments for chip_criminalDoctor
Started resource chip_criminalDoctor
Creating script environments for esx_license
Started resource esx_license
Creating script environments for esx_dmvschool
Started resource esx_dmvschool
Started resource st-cctv
Creating script environments for new_banking
Started resource new_banking
Started resource zffb_dice
Started resource esx-kr-vehicle-push
Creating script environments for esx_lscustom
Started resource esx_lscustom
Couldn't find resource esx_caraction.
Creating script environments for simpletp
Started resource simpletp
Creating script environments for SmartTrafficLights
Started resource SmartTrafficLights
Creating script environments for smj_ducharse
Started resource smj_ducharse
Started resource CLEAR_NPC
Started resource esx_guy293_holsterweapon
Started resource simplylongtaze
Creating script environments for NoReticle
Started resource NoReticle
Creating script environments for esx_kingofthehill
Started resource esx_kingofthehill
Creating script environments for hackee-dispatch
Started resource hackee-dispatch
Creating script environments for esx_autogang
Started resource esx_autogang
Creating script environments for esx_thief
Started resource esx_thief
Creating script environments for esx_carthief
Started resource esx_carthief
Creating script environments for KBurglary
Started resource KBurglary
Creating script environments for lockpick
Started resource lockpick
Started resource mhacking
Creating script environments for t1ger_drugs
Started resource t1ger_drugs
Creating script environments for TakeHostage
Started resource TakeHostage
Creating script environments for onyxLocksystem
Started resource onyxLocksystem
Creating script environments for stasiek_selldrugs
Started resource stasiek_selldrugs
Creating script environments for esx_planting
Started resource esx_planting
Creating script environments for esx_merryweather
Started resource esx_merryweather
Creating script environments for esx_doorlock_mhacking
Started resource esx_doorlock_mhacking
Creating script environments for esx_vangelico_robbery
Started resource esx_vangelico_robbery
Creating script environments for esx_drugs
Started resource esx_drugs
Creating script environments for esx_drugeffects
Started resource esx_drugeffects
Started resource esx_lootDeadbody
Creating script environments for esx_outlawalert
Started resource esx_outlawalert
Creating script environments for esx_knatusblowtorch
Started resource esx_knatusblowtorch
Creating script environments for esx_knatusrobberybank
Started resource esx_knatusrobberybank
Creating script environments for esx_escape
Started resource esx_escape
Creating script environments for utk_ornateheist
Started resource utk_ornateheist
Started resource utk_ornateprops
Creating script environments for utk_powerplant
Started resource utk_powerplant
Creating script environments for crafting
Started resource crafting
Creating script environments for esx_crafting
Started resource esx_crafting
Started resource reload-skillbar
Creating script environments for instance
Started resource instance
Creating script environments for esx_property
Started resource esx_property
Started resource biker
Started resource bikerbarsandy
Started resource grandehouse
Started resource petitmaison
Started resource vagos
Started resource buldingbeach
Started resource tpplage
Started resource familiesgang
Creating script environments for int_prisonfull
Started resource int_prisonfull
Started resource prisonprops
Started resource dons_bm_middoc
Started resource smokey_hory
Started resource PetClinic
Started resource hospitalsandy
Started resource sandysheriff
Started resource paletopd
Started resource police_garage
Started resource phxlspd
Started resource weaponsfx
Started resource weaponchange
Started resource ocrp_postal_map
Creating script environments for Optimized3DME
Started resource Optimized3DME
Creating script environments for wk_wars2x
Started resource wk_wars2x
Started resource ObjectNameFromHash
Started resource pun_idgun
Creating script environments for RealisticVehicleFailure
Started resource RealisticVehicleFailure
Started resource ddg151
Started resource oceanjet
Started resource HMS
Started resource maserati
Creating script environments for hardcap
Started resource hardcap
Creating script environments for rconlog
Started resource rconlog
Started resource bob74_ipl
Could not open 96x96Logo.png for reading.
Authenticating server license key...
Server license key authentication succeeded. Welcome!
Sending heartbeat to https://servers-ingress-live.fivem.net/ingress

EasyAdmin: webadmin-lua is not installed on this Server, webadmin features unavailable
[txAdminClientLUA] Threads and commands set up. All Ready.
[es_extended] [INFO] ESX developed by ESX-Org has been initialized
Authenticating with Nucleus...
server thread hitch warning: timer interval of 1370 milliseconds
[carcontrol] Authorized.
[mysql-async] Database server connection established.

--------------------------------------------------------------------------

EasyAdmin (EasyAdmin) is outdated.
Newest Version: 5.212
Your Version: 5.133
Please update it from https://github.com/Bluethefurry/EasyAdmin

Update Changelog:
Fix Bans not working through GUI

--------------------------------------------------------------------------

dp Emotes (dpemotes) is up to date. (173)
        fff                          
  cccc ff   xx  xx     rr rr    eee  
cc     ffff   xx       rrr  r ee   e 
cc     ff     xx   ... rr     eeeee  
 ccccc ff   xx  xx ... rr      eeeee 
                                     
Authenticated with cfx.re Nucleus: https://5328765879-vq64le.users.cfx.re/
 
  //
  ||    __          __        _ _   _                _____   _____   ___ __   __
  ||    \ \        / /       (_) | | |         /\   |  __ \ / ____| |__ \\ \ / /
  ||     \ \  /\  / / __ __ _ _| |_| |__      /  \  | |__) | (___      ) |\ V / 
  ||      \ \/  \/ / '__/ _` | | __| '_ \    / /\ \ |  _  / \___ \    / /  > <  
  ||       \  /\  /| | | (_| | | |_| | | |  / ____ \| | \ \ ____) |  / /_ / . \ 
  ||        \/  \/ |_|  \__,_|_|\__|_| |_| /_/    \_\_|  \_\_____/  |____/_/ \_\
  ||
  ||                             Created by WolfKnight
  ||
  ||    Current version: 1.2.3
  ||    Latest recommended version: 1.2.4
  ||
  ||    Your Wraith ARS 2X version is outdated, visit the FiveM forum post to get the latest version.
  \\

Sending heartbeat to https://servers-ingress-live.fivem.net/ingress
Sending heartbeat to https://servers-ingress-live.fivem.net/ingress
[es_extended] [INFO] Saved 0 player(s)
Sending heartbeat to https://servers-ingress-live.fivem.net/ingress
Sending heartbeat to https://servers-ingress-live.fivem.net/ingress
Sending heartbeat to https://servers-ingress-live.fivem.net/ingress
Sending heartbeat to https://servers-ingress-live.fivem.net/ingress
[es_extended] [INFO] Saved 0 player(s)
Sending heartbeat to https://servers-ingress-live.fivem.net/ingress
Sending heartbeat to https://servers-ingress-live.fivem.net/ingress
Sending heartbeat to https://servers-ingress-live.fivem.net/ingress
[es_extended] [INFO] Saved 0 player(s)
Sending heartbeat to https://servers-ingress-live.fivem.net/ingress
Sending heartbeat to https://servers-ingress-live.fivem.net/ingress
Sending heartbeat to https://servers-ingress-live.fivem.net/ingress
[es_extended] [INFO] Saved 0 player(s)
Sending heartbeat to https://servers-ingress-live.fivem.net/ingress
Connecting: simply_
Sending heartbeat to https://servers-ingress-live.fivem.net/ingress
server thread hitch warning: timer interval of 269 milliseconds
[es_extended] [INFO] A player with name "Youngin Ng" has connected to the server with assigned player id 1
INFO: User [1] simply_ authenticated - [1] [1] simply_@223.25.73.48:50876:50876
[ERROR] [MySQL] [esx_property] An error happens on MySQL for query "SELECT last_property FROM users WHERE identifier = '4255213cc899ca517cf0813ccb97f63fe090a737'": ER_BAD_FIELD_ERROR: Unknown column 'last_property' in 'field list'
SCRIPT ERROR: @esx_property/server/main.lua:348: attempt to index a nil value (local 'users')
> ref (@esx_property/server/main.lua:348)
>  (@mysql-async/mysql-async.js:14959)
Sending heartbeat to https://servers-ingress-live.fivem.net/ingress
Check gym expirations
Sending heartbeat to https://servers-ingress-live.fivem.net/ingress
[es_extended] [INFO] Saved player "Youngin Ng"
[es_extended] [INFO] Saved 1 player(s)
Sending heartbeat to https://servers-ingress-live.fivem.net/ingress
Sending heartbeat to https://servers-ingress-live.fivem.net/ingress
Sending heartbeat to https://servers-ingress-live.fivem.net/ingress
Creating script environments for mdt
[es_extended] [WARNING] An command "adminooc" is already registered, overriding command
Started resource mdt
server thread hitch warning: timer interval of 362 milliseconds
Sending heartbeat to https://servers-ingress-live.fivem.net/ingress
[es_extended] [INFO] Saved player "Youngin Ng"
[es_extended] [INFO] Saved 1 player(s)

--------------------------------------------------------------------------

EasyAdmin (EasyAdmin) is outdated.
Newest Version: 5.212
Your Version: 5.133
Please update it from https://github.com/Bluethefurry/EasyAdmin

Update Changelog:
Fix Bans not working through GUI

--------------------------------------------------------------------------
Sending heartbeat to https://servers-ingress-live.fivem.net/ingress
Sending heartbeat to https://servers-ingress-live.fivem.net/ingress
Sending heartbeat to https://servers-ingress-live.fivem.net/ingress
[es_extended] [INFO] Saved player "Youngin Ng"
[es_extended] [INFO] Saved 1 player(s)
Stopping resource st-menu
Started resource st-menu
server thread hitch warning: timer interval of 352 milliseconds
Sending heartbeat to https://servers-ingress-live.fivem.net/ingress
Sending heartbeat to https://servers-ingress-live.fivem.net/ingress
Sending heartbeat to https://servers-ingress-live.fivem.net/ingress
[es_extended] [INFO] Saved player "Youngin Ng"
[es_extended] [INFO] Saved 1 player(s)
Sending heartbeat to https://servers-ingress-live.fivem.net/ingress
Sending heartbeat to https://servers-ingress-live.fivem.net/ingress
Sending heartbeat to https://servers-ingress-live.fivem.net/ingress
Sending heartbeat to https://servers-ingress-live.fivem.net/ingress
[es_extended] [INFO] Saved player "Youngin Ng"
[es_extended] [INFO] Saved 1 player(s)
Sending heartbeat to https://servers-ingress-live.fivem.net/ingress
Sending heartbeat to https://servers-ingress-live.fivem.net/ingress
Sending heartbeat to https://servers-ingress-live.fivem.net/ingress
[es_extended] [INFO] Saved player "Youngin Ng"
[es_extended] [INFO] Saved 1 player(s)
Sending heartbeat to https://servers-ingress-live.fivem.net/ingress
Sending heartbeat to https://servers-ingress-live.fivem.net/ingress
Check gym expirations
Sending heartbeat to https://servers-ingress-live.fivem.net/ingress
[es_extended] [INFO] Saved player "Youngin Ng"
[es_extended] [INFO] Saved 1 player(s)
Sending heartbeat to https://servers-ingress-live.fivem.net/ingress
Sending heartbeat to https://servers-ingress-live.fivem.net/ingress
Sending heartbeat to https://servers-ingress-live.fivem.net/ingress
[es_extended] [INFO] Saved player "Youngin Ng"
[es_extended] [INFO] Saved 1 player(s)
Sending heartbeat to https://servers-ingress-live.fivem.net/ingress

--------------------------------------------------------------------------

EasyAdmin (EasyAdmin) is outdated.
Newest Version: 5.212
Your Version: 5.133
Please update it from https://github.com/Bluethefurry/EasyAdmin

Update Changelog:
Fix Bans not working through GUI

--------------------------------------------------------------------------
Sending heartbeat to https://servers-ingress-live.fivem.net/ingress
Sending heartbeat to https://servers-ingress-live.fivem.net/ingress
Sending heartbeat to https://servers-ingress-live.fivem.net/ingress
[es_extended] [INFO] Saved player "Youngin Ng"
[es_extended] [INFO] Saved 1 player(s)
Sending heartbeat to https://servers-ingress-live.fivem.net/ingress
[es_extended] [INFO] Saved player "Youngin Ng"
Sending heartbeat to https://servers-ingress-live.fivem.net/ingress
Sending heartbeat to https://servers-ingress-live.fivem.net/ingress
Sending heartbeat to https://servers-ingress-live.fivem.net/ingress
[es_extended] [INFO] Saved 0 player(s)
Sending heartbeat to https://servers-ingress-live.fivem.net/ingress
Sending heartbeat to https://servers-ingress-live.fivem.net/ingress
Sending heartbeat to https://servers-ingress-live.fivem.net/ingress
Connecting: jackcheng86
Sending heartbeat to https://servers-ingress-live.fivem.net/ingress
[es_extended] [INFO] Saved 0 player(s)
[es_extended] [INFO] A player with name "Jk C" has connected to the server with assigned player id 2
INFO: User [2] jackcheng86 authenticated - [1] [2] jackcheng86@150.116.218.124:52649:52649
[ERROR] [MySQL] [esx_property] An error happens on MySQL for query "SELECT last_property FROM users WHERE identifier = '47c18d41f606897e9a275920609c02cfedc33fb7'": ER_BAD_FIELD_ERROR: Unknown column 'last_property' in 'field list'
SCRIPT ERROR: @esx_property/server/main.lua:348: attempt to index a nil value (local 'users')
> ref (@esx_property/server/main.lua:348)
>  (@mysql-async/mysql-async.js:14959)
SCRIPT ERROR: @esx_addoninventory/server/main.lua:71: attempt to get length of a nil value (field '?')
> handler (@esx_addoninventory/server/main.lua:83)
> handler (@esx_store/server/server.lua:19)
SCRIPT ERROR: @esx_addoninventory/server/main.lua:71: attempt to get length of a nil value (field '?')
> handler (@esx_addoninventory/server/main.lua:83)
> handler (@esx_store/server/server.lua:19)
Connecting: KB
Sending heartbeat to https://servers-ingress-live.fivem.net/ingress
Sending heartbeat to https://servers-ingress-live.fivem.net/ingress
[es_extended] [INFO] A player with name "Kaba Han" has connected to the server with assigned player id 3
[dp] KB got created!
[ERROR] [MySQL] [esx_property] An error happens on MySQL for query "SELECT last_property FROM users WHERE identifier = 'bdb61aedf51af1f3d551aedb0a77c148a0b9e57b'": ER_BAD_FIELD_ERROR: Unknown column 'last_property' in 'field list'
SCRIPT ERROR: @esx_property/server/main.lua:348: attempt to index a nil value (local 'users')
> ref (@esx_property/server/main.lua:348)
>  (@mysql-async/mysql-async.js:14959)
Access denied for command car.
Access denied for command car.
Access denied for command car.
Access denied for command clearall.
Sending heartbeat to https://servers-ingress-live.fivem.net/ingress
[es_extended] [INFO] Saved player "Kaba Han"
Sending heartbeat to https://servers-ingress-live.fivem.net/ingress
[es_extended] [INFO] Saved player "Jk C"
[es_extended] [INFO] Saved 1 player(s)
Sending heartbeat to https://servers-ingress-live.fivem.net/ingress
Sending heartbeat to https://servers-ingress-live.fivem.net/ingress
Check gym expirations
Sending heartbeat to https://servers-ingress-live.fivem.net/ingress
Connecting: kb11111
Sending heartbeat to https://servers-ingress-live.fivem.net/ingress
[es_extended] [INFO] A player with name "Kaba Han" has connected to the server with assigned player id 4
[ERROR] [MySQL] [esx_property] An error happens on MySQL for query "SELECT last_property FROM users WHERE identifier = 'bdb61aedf51af1f3d551aedb0a77c148a0b9e57b'": ER_BAD_FIELD_ERROR: Unknown column 'last_property' in 'field list'
SCRIPT ERROR: @esx_property/server/main.lua:348: attempt to index a nil value (local 'users')
> ref (@esx_property/server/main.lua:348)
>  (@mysql-async/mysql-async.js:14959)
[es_extended] [INFO] Saved player "Kaba Han"
[es_extended] [INFO] Saved player "Jk C"
[es_extended] [INFO] Saved 2 player(s)
Sending heartbeat to https://servers-ingress-live.fivem.net/ingress
Sending heartbeat to https://servers-ingress-live.fivem.net/ingress
SCRIPT ERROR: @esx_inventoryhud/server/main.lua:83: attempt to concatenate a nil value (field 'label')
> addInventoryItem (@es_extended/server/classes/player.lua:223)
> cb (@es_extended/server/commands.lua:58)
> ref (@es_extended/server/functions.lua:130)
SCRIPT ERROR: @esx_inventoryhud/server/main.lua:83: attempt to concatenate a nil value (field 'label')
> addInventoryItem (@es_extended/server/classes/player.lua:223)
> cb (@es_extended/server/commands.lua:58)
> ref (@es_extended/server/functions.lua:130)
SCRIPT ERROR: @esx_inventoryhud/server/main.lua:83: attempt to concatenate a nil value (field 'label')
> addInventoryItem (@es_extended/server/classes/player.lua:223)
> cb (@es_extended/server/commands.lua:58)
> ref (@es_extended/server/functions.lua:130)
Sending heartbeat to https://servers-ingress-live.fivem.net/ingress
SCRIPT ERROR: @esx_inventoryhud/server/main.lua:83: attempt to concatenate a nil value (field 'label')
> addInventoryItem (@es_extended/server/classes/player.lua:223)
> cb (@es_extended/server/commands.lua:58)
> ref (@es_extended/server/functions.lua:130)
SCRIPT ERROR: @esx_inventoryhud/server/main.lua:83: attempt to concatenate a nil value (field 'label')
> addInventoryItem (@es_extended/server/classes/player.lua:223)
> cb (@es_extended/server/commands.lua:58)
> ref (@es_extended/server/functions.lua:130)
SCRIPT ERROR: @esx_inventoryhud/server/main.lua:83: attempt to concatenate a nil value (field 'label')
> addInventoryItem (@es_extended/server/classes/player.lua:223)
> cb (@es_extended/server/commands.lua:58)
> ref (@es_extended/server/functions.lua:130)
SCRIPT ERROR: @esx_inventoryhud/server/main.lua:83: attempt to concatenate a nil value (field 'label')
> addInventoryItem (@es_extended/server/classes/player.lua:223)
> cb (@es_extended/server/commands.lua:58)
> ref (@es_extended/server/functions.lua:130)
SCRIPT ERROR: @esx_inventoryhud/server/main.lua:83: attempt to concatenate a nil value (field 'label')
> addInventoryItem (@es_extended/server/classes/player.lua:223)
> cb (@es_extended/server/commands.lua:58)
> ref (@es_extended/server/functions.lua:130)
SCRIPT ERROR: @esx_inventoryhud/server/main.lua:83: attempt to concatenate a nil value (field 'label')
> addInventoryItem (@es_extended/server/classes/player.lua:223)
> cb (@es_extended/server/commands.lua:58)
> ref (@es_extended/server/functions.lua:130)
SCRIPT ERROR: @esx_inventoryhud/server/main.lua:83: attempt to concatenate a nil value (field 'label')
> addInventoryItem (@es_extended/server/classes/player.lua:223)
> cb (@es_extended/server/commands.lua:58)
> ref (@es_extended/server/functions.lua:130)
SCRIPT ERROR: @esx_inventoryhud/server/main.lua:83: attempt to concatenate a nil value (field 'label')
> addInventoryItem (@es_extended/server/classes/player.lua:223)
> cb (@es_extended/server/commands.lua:58)
> ref (@es_extended/server/functions.lua:130)
SCRIPT ERROR: @esx_inventoryhud/server/main.lua:83: attempt to concatenate a nil value (field 'label')
> addInventoryItem (@es_extended/server/classes/player.lua:223)
> cb (@es_extended/server/commands.lua:58)
> ref (@es_extended/server/functions.lua:130)
SCRIPT ERROR: @esx_inventoryhud/server/main.lua:83: attempt to concatenate a nil value (field 'label')
> addInventoryItem (@es_extended/server/classes/player.lua:223)
> cb (@es_extended/server/commands.lua:58)
> ref (@es_extended/server/functions.lua:130)
SCRIPT ERROR: @esx_inventoryhud/server/main.lua:83: attempt to concatenate a nil value (field 'label')
> addInventoryItem (@es_extended/server/classes/player.lua:223)
> cb (@es_extended/server/commands.lua:58)
> ref (@es_extended/server/functions.lua:130)
SCRIPT ERROR: @esx_inventoryhud/server/main.lua:83: attempt to concatenate a nil value (field 'label')
> addInventoryItem (@es_extended/server/classes/player.lua:223)
> cb (@es_extended/server/commands.lua:58)
> ref (@es_extended/server/functions.lua:130)
SCRIPT ERROR: @esx_inventoryhud/server/main.lua:83: attempt to concatenate a nil value (field 'label')
> addInventoryItem (@es_extended/server/classes/player.lua:223)
> cb (@es_extended/server/commands.lua:58)
> ref (@es_extended/server/functions.lua:130)
SCRIPT ERROR: @esx_inventoryhud/server/main.lua:83: attempt to concatenate a nil value (field 'label')
> addInventoryItem (@es_extended/server/classes/player.lua:223)
> cb (@es_extended/server/commands.lua:58)
> ref (@es_extended/server/functions.lua:130)
[es_extended] [INFO] Saved player "Kaba Han"
[es_extended] [INFO] Saved player "Jk C"
[es_extended] [INFO] Saved 2 player(s)
Sending heartbeat to https://servers-ingress-live.fivem.net/ingress
SCRIPT ERROR: @esx_inventoryhud/server/main.lua:83: attempt to concatenate a nil value (field 'label')
> ref (@es_extended/server/classes/player.lua:223)
> Payout (@esx_kingofthehill/server.lua:216)
> ref (@esx_kingofthehill/server.lua:9)
>  (@mysql-async/mysql-async.js:14959)

--------------------------------------------------------------------------

EasyAdmin (EasyAdmin) is outdated.
Newest Version: 5.212
Your Version: 5.133
Please update it from https://github.com/Bluethefurry/EasyAdmin

Update Changelog:
Fix Bans not working through GUI

--------------------------------------------------------------------------
SCRIPT ERROR: @esx_inventoryhud/server/main.lua:83: attempt to concatenate a nil value (field 'label')
> addInventoryItem (@es_extended/server/classes/player.lua:223)
> cb (@es_extended/server/commands.lua:58)
> ref (@es_extended/server/functions.lua:130)
SCRIPT ERROR: @esx_inventoryhud/server/main.lua:83: attempt to concatenate a nil value (field 'label')
> addInventoryItem (@es_extended/server/classes/player.lua:223)
> cb (@es_extended/server/commands.lua:58)
> ref (@es_extended/server/functions.lua:130)
Sending heartbeat to https://servers-ingress-live.fivem.net/ingress
